4:49:28 AM  [main] 	Initializing Control Panel
4:49:28 AM  [main] 	Windows Version: Windows Server 2012 R2  64-bit
4:49:28 AM  [main] 	XAMPP Version: 7.4.6
4:49:28 AM  [main] 	Control Panel Version: 3.2.4  [ Compiled: Jun 5th 2019 ]
4:49:28 AM  [main] 	You are not running with administrator rights! This will work for
4:49:28 AM  [main] 	most application stuff but whenever you do something with services
4:49:28 AM  [main] 	there will be a security dialogue or things will break! So think 
4:49:28 AM  [main] 	about running this application with administrator rights!
4:49:28 AM  [main] 	XAMPP Installation Directory: "f:\vani\xampp\"
4:49:28 AM  [main] 	Checking for prerequisites
4:49:28 AM  [main] 	Required XAMPP prerequisite not found!
4:49:28 AM  [main] 	You do not appear to have the Microsoft Visual C++ 2008 Runtimes installed
4:49:28 AM  [main] 	This is required for XAMPP to fully function
4:49:28 AM  [main] 	http://www.microsoft.com/download/en/details.aspx?id=5582
4:49:28 AM  [main] 	Initializing Modules
4:49:28 AM  [Apache] 	Apache Service detected with wrong path
4:49:28 AM  [Apache] 	Change XAMPP Apache and Control Panel settings or
4:49:28 AM  [Apache] 	Uninstall/disable the other service manually first
4:49:28 AM  [Apache] 	Found Path: "C:\Program Files\httpd-2.4.20-x64-vc14\Apache24\bin\httpd.exe" -k runservice
4:49:28 AM  [Apache] 	Expected Path: "f:\vani\xampp\apache\bin\httpd.exe" -k runservice
4:49:28 AM  [Apache] 	Problem detected!
4:49:28 AM  [Apache] 	Port 80 in use by "Unable to open process" with PID 4!
4:49:28 AM  [Apache] 	Apache WILL NOT start without the configured ports free!
4:49:28 AM  [Apache] 	You need to uninstall/disable/reconfigure the blocking application
4:49:28 AM  [Apache] 	or reconfigure Apache and the Control Panel to listen on a different port
4:49:28 AM  [Apache] 	Problem detected!
4:49:28 AM  [Apache] 	Port 443 in use by "Unable to open process" with PID 4!
4:49:28 AM  [Apache] 	Apache WILL NOT start without the configured ports free!
4:49:28 AM  [Apache] 	You need to uninstall/disable/reconfigure the blocking application
4:49:28 AM  [Apache] 	or reconfigure Apache and the Control Panel to listen on a different port
4:49:28 AM  [Tomcat] 	Problem detected!
4:49:28 AM  [Tomcat] 	Port 8005 in use by ""F:\Programs\JIRA Software\bin\tomcat8.exe.x64" //RS//JIRASoftware180518062415"!
4:49:28 AM  [Tomcat] 	Tomcat WILL NOT start without the configured ports free!
4:49:28 AM  [Tomcat] 	You need to uninstall/disable/reconfigure the blocking application
4:49:28 AM  [Tomcat] 	or reconfigure Tomcat and the Control Panel to listen on a different port
4:49:28 AM  [Tomcat] 	Problem detected!
4:49:28 AM  [Tomcat] 	Port 8080 in use by ""F:\Programs\JIRA Software\bin\tomcat8.exe.x64" //RS//JIRASoftware180518062415"!
4:49:28 AM  [Tomcat] 	Tomcat WILL NOT start without the configured ports free!
4:49:28 AM  [Tomcat] 	You need to uninstall/disable/reconfigure the blocking application
4:49:28 AM  [Tomcat] 	or reconfigure Tomcat and the Control Panel to listen on a different port
4:49:28 AM  [main] 	Starting Check-Timer
4:49:28 AM  [main] 	Control Panel Ready
6:33:05 AM  [main] 	Deinitializing Modules
6:33:05 AM  [main] 	Deinitializing Control Panel

6:49:51 PM  [main] 	Initializing Control Panel
6:49:51 PM  [main] 	Windows Version: Windows Server 2012 R2  64-bit
6:49:51 PM  [main] 	XAMPP Version: 7.4.6
6:49:51 PM  [main] 	Control Panel Version: 3.2.4  [ Compiled: Jun 5th 2019 ]
6:49:51 PM  [main] 	You are not running with administrator rights! This will work for
6:49:51 PM  [main] 	most application stuff but whenever you do something with services
6:49:51 PM  [main] 	there will be a security dialogue or things will break! So think 
6:49:51 PM  [main] 	about running this application with administrator rights!
6:49:51 PM  [main] 	XAMPP Installation Directory: "f:\vani\xampp\"
6:49:51 PM  [main] 	Checking for prerequisites
6:49:51 PM  [main] 	Required XAMPP prerequisite not found!
6:49:51 PM  [main] 	You do not appear to have the Microsoft Visual C++ 2008 Runtimes installed
6:49:51 PM  [main] 	This is required for XAMPP to fully function
6:49:51 PM  [main] 	http://www.microsoft.com/download/en/details.aspx?id=5582
6:49:51 PM  [main] 	Initializing Modules
6:49:51 PM  [Apache] 	Apache Service detected with wrong path
6:49:51 PM  [Apache] 	Change XAMPP Apache and Control Panel settings or
6:49:51 PM  [Apache] 	Uninstall/disable the other service manually first
6:49:51 PM  [Apache] 	Found Path: "C:\Program Files\httpd-2.4.20-x64-vc14\Apache24\bin\httpd.exe" -k runservice
6:49:51 PM  [Apache] 	Expected Path: "f:\vani\xampp\apache\bin\httpd.exe" -k runservice
6:49:51 PM  [Apache] 	Problem detected!
6:49:51 PM  [Apache] 	Port 80 in use by "Unable to open process" with PID 4!
6:49:51 PM  [Apache] 	Apache WILL NOT start without the configured ports free!
6:49:51 PM  [Apache] 	You need to uninstall/disable/reconfigure the blocking application
6:49:51 PM  [Apache] 	or reconfigure Apache and the Control Panel to listen on a different port
6:49:51 PM  [Apache] 	Problem detected!
6:49:51 PM  [Apache] 	Port 443 in use by "Unable to open process" with PID 4!
6:49:51 PM  [Apache] 	Apache WILL NOT start without the configured ports free!
6:49:51 PM  [Apache] 	You need to uninstall/disable/reconfigure the blocking application
6:49:51 PM  [Apache] 	or reconfigure Apache and the Control Panel to listen on a different port
6:49:51 PM  [Tomcat] 	Problem detected!
6:49:51 PM  [Tomcat] 	Port 8005 in use by ""F:\Programs\JIRA Software\bin\tomcat8.exe.x64" //RS//JIRASoftware180518062415"!
6:49:51 PM  [Tomcat] 	Tomcat WILL NOT start without the configured ports free!
6:49:51 PM  [Tomcat] 	You need to uninstall/disable/reconfigure the blocking application
6:49:51 PM  [Tomcat] 	or reconfigure Tomcat and the Control Panel to listen on a different port
6:49:51 PM  [Tomcat] 	Problem detected!
6:49:51 PM  [Tomcat] 	Port 8080 in use by ""F:\Programs\JIRA Software\bin\tomcat8.exe.x64" //RS//JIRASoftware180518062415"!
6:49:51 PM  [Tomcat] 	Tomcat WILL NOT start without the configured ports free!
6:49:51 PM  [Tomcat] 	You need to uninstall/disable/reconfigure the blocking application
6:49:51 PM  [Tomcat] 	or reconfigure Tomcat and the Control Panel to listen on a different port
6:49:51 PM  [main] 	Starting Check-Timer
6:49:51 PM  [main] 	Control Panel Ready
6:49:53 PM  [mysql] 	Attempting to start MySQL app...
6:49:54 PM  [mysql] 	Status change detected: running
6:54:50 PM  [mysql] 	Attempting to stop MySQL app...
6:54:51 PM  [mysql] 	Status change detected: stopped
6:57:25 PM  [mysql] 	Status change detected: running
8:40:59 PM  [main] 	Deinitializing Modules
8:40:59 PM  [main] 	Deinitializing Control Panel

6:02:57 PM  [main] 	Initializing Control Panel
6:02:57 PM  [main] 	Windows Version: Windows Server 2012 R2  64-bit
6:02:57 PM  [main] 	XAMPP Version: 7.4.6
6:02:57 PM  [main] 	Control Panel Version: 3.2.4  [ Compiled: Jun 5th 2019 ]
6:02:57 PM  [main] 	You are not running with administrator rights! This will work for
6:02:57 PM  [main] 	most application stuff but whenever you do something with services
6:02:57 PM  [main] 	there will be a security dialogue or things will break! So think 
6:02:57 PM  [main] 	about running this application with administrator rights!
6:02:57 PM  [main] 	XAMPP Installation Directory: "f:\vani\xampp\"
6:02:57 PM  [main] 	Checking for prerequisites
6:02:57 PM  [main] 	Required XAMPP prerequisite not found!
6:02:57 PM  [main] 	You do not appear to have the Microsoft Visual C++ 2008 Runtimes installed
6:02:57 PM  [main] 	This is required for XAMPP to fully function
6:02:57 PM  [main] 	http://www.microsoft.com/download/en/details.aspx?id=5582
6:02:57 PM  [main] 	Initializing Modules
6:02:57 PM  [Apache] 	Apache Service detected with wrong path
6:02:57 PM  [Apache] 	Change XAMPP Apache and Control Panel settings or
6:02:57 PM  [Apache] 	Uninstall/disable the other service manually first
6:02:57 PM  [Apache] 	Found Path: "C:\Program Files\httpd-2.4.20-x64-vc14\Apache24\bin\httpd.exe" -k runservice
6:02:57 PM  [Apache] 	Expected Path: "f:\vani\xampp\apache\bin\httpd.exe" -k runservice
6:02:57 PM  [Apache] 	Problem detected!
6:02:57 PM  [Apache] 	Port 80 in use by "Unable to open process" with PID 4!
6:02:57 PM  [Apache] 	Apache WILL NOT start without the configured ports free!
6:02:57 PM  [Apache] 	You need to uninstall/disable/reconfigure the blocking application
6:02:57 PM  [Apache] 	or reconfigure Apache and the Control Panel to listen on a different port
6:02:57 PM  [Apache] 	Problem detected!
6:02:57 PM  [Apache] 	Port 443 in use by "Unable to open process" with PID 4!
6:02:57 PM  [Apache] 	Apache WILL NOT start without the configured ports free!
6:02:57 PM  [Apache] 	You need to uninstall/disable/reconfigure the blocking application
6:02:57 PM  [Apache] 	or reconfigure Apache and the Control Panel to listen on a different port
6:02:57 PM  [mysql] 	XAMPP MySQL is already running on port 3306
6:02:57 PM  [Tomcat] 	Problem detected!
6:02:57 PM  [Tomcat] 	Port 8005 in use by ""F:\Programs\JIRA Software\bin\tomcat8.exe.x64" //RS//JIRASoftware180518062415"!
6:02:57 PM  [Tomcat] 	Tomcat WILL NOT start without the configured ports free!
6:02:57 PM  [Tomcat] 	You need to uninstall/disable/reconfigure the blocking application
6:02:57 PM  [Tomcat] 	or reconfigure Tomcat and the Control Panel to listen on a different port
6:02:57 PM  [Tomcat] 	Problem detected!
6:02:57 PM  [Tomcat] 	Port 8080 in use by ""F:\Programs\JIRA Software\bin\tomcat8.exe.x64" //RS//JIRASoftware180518062415"!
6:02:57 PM  [Tomcat] 	Tomcat WILL NOT start without the configured ports free!
6:02:57 PM  [Tomcat] 	You need to uninstall/disable/reconfigure the blocking application
6:02:57 PM  [Tomcat] 	or reconfigure Tomcat and the Control Panel to listen on a different port
6:02:57 PM  [main] 	Starting Check-Timer
6:02:57 PM  [main] 	Control Panel Ready
6:03:11 PM  [mysql] 	Attempting to stop MySQL app...
6:03:11 PM  [mysql] 	Status change detected: stopped
6:06:42 PM  [mysql] 	Status change detected: running
6:25:43 PM  [mysql] 	Status change detected: stopped
6:49:53 PM  [mysql] 	Status change detected: running
6:54:50 PM  [mysql] 	Status change detected: stopped
6:57:25 PM  [mysql] 	Status change detected: running
8:40:59 PM  [main] 	Deinitializing Modules
8:40:59 PM  [main] 	Deinitializing Control Panel

6:55:30 PM  [main] 	Initializing Control Panel
6:55:30 PM  [main] 	Windows Version: Windows Server 2012 R2  64-bit
6:55:30 PM  [main] 	XAMPP Version: 7.4.6
6:55:30 PM  [main] 	Control Panel Version: 3.2.4  [ Compiled: Jun 5th 2019 ]
6:55:30 PM  [main] 	You are not running with administrator rights! This will work for
6:55:30 PM  [main] 	most application stuff but whenever you do something with services
6:55:30 PM  [main] 	there will be a security dialogue or things will break! So think 
6:55:30 PM  [main] 	about running this application with administrator rights!
6:55:30 PM  [main] 	XAMPP Installation Directory: "f:\vani\xampp\"
6:55:30 PM  [main] 	Checking for prerequisites
6:55:30 PM  [main] 	Required XAMPP prerequisite not found!
6:55:30 PM  [main] 	You do not appear to have the Microsoft Visual C++ 2008 Runtimes installed
6:55:30 PM  [main] 	This is required for XAMPP to fully function
6:55:30 PM  [main] 	http://www.microsoft.com/download/en/details.aspx?id=5582
6:55:30 PM  [main] 	Initializing Modules
6:55:30 PM  [Apache] 	Apache Service detected with wrong path
6:55:30 PM  [Apache] 	Change XAMPP Apache and Control Panel settings or
6:55:30 PM  [Apache] 	Uninstall/disable the other service manually first
6:55:30 PM  [Apache] 	Found Path: "C:\Program Files\httpd-2.4.20-x64-vc14\Apache24\bin\httpd.exe" -k runservice
6:55:30 PM  [Apache] 	Expected Path: "f:\vani\xampp\apache\bin\httpd.exe" -k runservice
6:55:30 PM  [Apache] 	Problem detected!
6:55:30 PM  [Apache] 	Port 80 in use by "Unable to open process" with PID 4!
6:55:30 PM  [Apache] 	Apache WILL NOT start without the configured ports free!
6:55:31 PM  [Apache] 	You need to uninstall/disable/reconfigure the blocking application
6:55:31 PM  [Apache] 	or reconfigure Apache and the Control Panel to listen on a different port
6:55:31 PM  [Apache] 	Problem detected!
6:55:31 PM  [Apache] 	Port 443 in use by "Unable to open process" with PID 4!
6:55:31 PM  [Apache] 	Apache WILL NOT start without the configured ports free!
6:55:31 PM  [Apache] 	You need to uninstall/disable/reconfigure the blocking application
6:55:31 PM  [Apache] 	or reconfigure Apache and the Control Panel to listen on a different port
6:55:31 PM  [Tomcat] 	Problem detected!
6:55:31 PM  [Tomcat] 	Port 8005 in use by ""F:\Programs\JIRA Software\bin\tomcat8.exe.x64" //RS//JIRASoftware180518062415"!
6:55:31 PM  [Tomcat] 	Tomcat WILL NOT start without the configured ports free!
6:55:31 PM  [Tomcat] 	You need to uninstall/disable/reconfigure the blocking application
6:55:31 PM  [Tomcat] 	or reconfigure Tomcat and the Control Panel to listen on a different port
6:55:31 PM  [Tomcat] 	Problem detected!
6:55:31 PM  [Tomcat] 	Port 8080 in use by ""F:\Programs\JIRA Software\bin\tomcat8.exe.x64" //RS//JIRASoftware180518062415"!
6:55:31 PM  [Tomcat] 	Tomcat WILL NOT start without the configured ports free!
6:55:31 PM  [Tomcat] 	You need to uninstall/disable/reconfigure the blocking application
6:55:31 PM  [Tomcat] 	or reconfigure Tomcat and the Control Panel to listen on a different port
6:55:31 PM  [main] 	Starting Check-Timer
6:55:31 PM  [main] 	Control Panel Ready
6:57:25 PM  [mysql] 	Attempting to start MySQL app...
6:57:25 PM  [mysql] 	Status change detected: running
8:40:59 PM  [main] 	Deinitializing Modules
8:40:59 PM  [main] 	Deinitializing Control Panel

2:04:42 AM  [main] 	Initializing Control Panel
2:04:42 AM  [main] 	Windows Version: Windows Server 2012 R2  64-bit
2:04:42 AM  [main] 	XAMPP Version: 7.4.6
2:04:42 AM  [main] 	Control Panel Version: 3.2.4  [ Compiled: Jun 5th 2019 ]
2:04:42 AM  [main] 	You are not running with administrator rights! This will work for
2:04:42 AM  [main] 	most application stuff but whenever you do something with services
2:04:42 AM  [main] 	there will be a security dialogue or things will break! So think 
2:04:42 AM  [main] 	about running this application with administrator rights!
2:04:42 AM  [main] 	XAMPP Installation Directory: "f:\vani\xampp\"
2:04:42 AM  [main] 	Checking for prerequisites
2:04:42 AM  [main] 	Required XAMPP prerequisite not found!
2:04:42 AM  [main] 	You do not appear to have the Microsoft Visual C++ 2008 Runtimes installed
2:04:42 AM  [main] 	This is required for XAMPP to fully function
2:04:42 AM  [main] 	http://www.microsoft.com/download/en/details.aspx?id=5582
2:04:42 AM  [main] 	Initializing Modules
2:04:42 AM  [Apache] 	Apache Service detected with wrong path
2:04:42 AM  [Apache] 	Change XAMPP Apache and Control Panel settings or
2:04:42 AM  [Apache] 	Uninstall/disable the other service manually first
2:04:42 AM  [Apache] 	Found Path: "C:\Program Files\httpd-2.4.20-x64-vc14\Apache24\bin\httpd.exe" -k runservice
2:04:42 AM  [Apache] 	Expected Path: "f:\vani\xampp\apache\bin\httpd.exe" -k runservice
2:04:42 AM  [Apache] 	Problem detected!
2:04:42 AM  [Apache] 	Port 80 in use by "Unable to open process" with PID 4!
2:04:42 AM  [Apache] 	Apache WILL NOT start without the configured ports free!
2:04:42 AM  [Apache] 	You need to uninstall/disable/reconfigure the blocking application
2:04:42 AM  [Apache] 	or reconfigure Apache and the Control Panel to listen on a different port
2:04:42 AM  [Apache] 	Problem detected!
2:04:42 AM  [Apache] 	Port 443 in use by "Unable to open process" with PID 4!
2:04:42 AM  [Apache] 	Apache WILL NOT start without the configured ports free!
2:04:42 AM  [Apache] 	You need to uninstall/disable/reconfigure the blocking application
2:04:42 AM  [Apache] 	or reconfigure Apache and the Control Panel to listen on a different port
2:04:42 AM  [Tomcat] 	Problem detected!
2:04:42 AM  [Tomcat] 	Port 8005 in use by ""F:\Programs\JIRA Software\bin\tomcat8.exe.x64" //RS//JIRASoftware180518062415"!
2:04:42 AM  [Tomcat] 	Tomcat WILL NOT start without the configured ports free!
2:04:42 AM  [Tomcat] 	You need to uninstall/disable/reconfigure the blocking application
2:04:42 AM  [Tomcat] 	or reconfigure Tomcat and the Control Panel to listen on a different port
2:04:42 AM  [Tomcat] 	Problem detected!
2:04:42 AM  [Tomcat] 	Port 8080 in use by ""F:\Programs\JIRA Software\bin\tomcat8.exe.x64" //RS//JIRASoftware180518062415"!
2:04:42 AM  [Tomcat] 	Tomcat WILL NOT start without the configured ports free!
2:04:42 AM  [Tomcat] 	You need to uninstall/disable/reconfigure the blocking application
2:04:42 AM  [Tomcat] 	or reconfigure Tomcat and the Control Panel to listen on a different port
2:04:42 AM  [main] 	Starting Check-Timer
2:04:42 AM  [main] 	Control Panel Ready
2:04:45 AM  [mysql] 	Attempting to start MySQL app...
2:04:45 AM  [mysql] 	Status change detected: running
5:51:57 AM  [main] 	Deinitializing Modules
5:51:57 AM  [main] 	Deinitializing Control Panel

7:48:20 AM  [main] 	Initializing Control Panel
7:48:20 AM  [main] 	Windows Version: Windows Server 2012 R2  64-bit
7:48:20 AM  [main] 	XAMPP Version: 7.4.6
7:48:20 AM  [main] 	Control Panel Version: 3.2.4  [ Compiled: Jun 5th 2019 ]
7:48:20 AM  [main] 	You are not running with administrator rights! This will work for
7:48:20 AM  [main] 	most application stuff but whenever you do something with services
7:48:20 AM  [main] 	there will be a security dialogue or things will break! So think 
7:48:20 AM  [main] 	about running this application with administrator rights!
7:48:20 AM  [main] 	XAMPP Installation Directory: "f:\vani\xampp\"
7:48:21 AM  [main] 	Checking for prerequisites
7:48:21 AM  [main] 	Required XAMPP prerequisite not found!
7:48:21 AM  [main] 	You do not appear to have the Microsoft Visual C++ 2008 Runtimes installed
7:48:21 AM  [main] 	This is required for XAMPP to fully function
7:48:21 AM  [main] 	http://www.microsoft.com/download/en/details.aspx?id=5582
7:48:21 AM  [main] 	Initializing Modules
7:48:21 AM  [Apache] 	Apache Service detected with wrong path
7:48:21 AM  [Apache] 	Change XAMPP Apache and Control Panel settings or
7:48:21 AM  [Apache] 	Uninstall/disable the other service manually first
7:48:21 AM  [Apache] 	Found Path: "C:\Program Files\httpd-2.4.20-x64-vc14\Apache24\bin\httpd.exe" -k runservice
7:48:21 AM  [Apache] 	Expected Path: "f:\vani\xampp\apache\bin\httpd.exe" -k runservice
7:48:21 AM  [Apache] 	Problem detected!
7:48:21 AM  [Apache] 	Port 80 in use by "Unable to open process" with PID 4!
7:48:21 AM  [Apache] 	Apache WILL NOT start without the configured ports free!
7:48:21 AM  [Apache] 	You need to uninstall/disable/reconfigure the blocking application
7:48:21 AM  [Apache] 	or reconfigure Apache and the Control Panel to listen on a different port
7:48:21 AM  [Apache] 	Problem detected!
7:48:21 AM  [Apache] 	Port 443 in use by "Unable to open process" with PID 4!
7:48:21 AM  [Apache] 	Apache WILL NOT start without the configured ports free!
7:48:21 AM  [Apache] 	You need to uninstall/disable/reconfigure the blocking application
7:48:21 AM  [Apache] 	or reconfigure Apache and the Control Panel to listen on a different port
7:48:21 AM  [Tomcat] 	Problem detected!
7:48:21 AM  [Tomcat] 	Port 8005 in use by ""F:\Programs\JIRA Software\bin\tomcat8.exe.x64" //RS//JIRASoftware180518062415"!
7:48:21 AM  [Tomcat] 	Tomcat WILL NOT start without the configured ports free!
7:48:21 AM  [Tomcat] 	You need to uninstall/disable/reconfigure the blocking application
7:48:21 AM  [Tomcat] 	or reconfigure Tomcat and the Control Panel to listen on a different port
7:48:21 AM  [Tomcat] 	Problem detected!
7:48:21 AM  [Tomcat] 	Port 8080 in use by ""F:\Programs\JIRA Software\bin\tomcat8.exe.x64" //RS//JIRASoftware180518062415"!
7:48:21 AM  [Tomcat] 	Tomcat WILL NOT start without the configured ports free!
7:48:21 AM  [Tomcat] 	You need to uninstall/disable/reconfigure the blocking application
7:48:21 AM  [Tomcat] 	or reconfigure Tomcat and the Control Panel to listen on a different port
7:48:21 AM  [main] 	Starting Check-Timer
7:48:21 AM  [main] 	Control Panel Ready
7:48:23 AM  [mysql] 	Attempting to start MySQL app...
7:48:23 AM  [mysql] 	Status change detected: running
10:59:38 AM  [main] 	Deinitializing Modules
10:59:38 AM  [main] 	Deinitializing Control Panel

4:18:40 PM  [main] 	Initializing Control Panel
4:18:40 PM  [main] 	Windows Version: Windows Server 2012 R2  64-bit
4:18:40 PM  [main] 	XAMPP Version: 7.4.6
4:18:40 PM  [main] 	Control Panel Version: 3.2.4  [ Compiled: Jun 5th 2019 ]
4:18:40 PM  [main] 	You are not running with administrator rights! This will work for
4:18:40 PM  [main] 	most application stuff but whenever you do something with services
4:18:40 PM  [main] 	there will be a security dialogue or things will break! So think 
4:18:40 PM  [main] 	about running this application with administrator rights!
4:18:40 PM  [main] 	XAMPP Installation Directory: "f:\vani\xampp\"
4:18:40 PM  [main] 	Checking for prerequisites
4:18:40 PM  [main] 	Required XAMPP prerequisite not found!
4:18:40 PM  [main] 	You do not appear to have the Microsoft Visual C++ 2008 Runtimes installed
4:18:40 PM  [main] 	This is required for XAMPP to fully function
4:18:40 PM  [main] 	http://www.microsoft.com/download/en/details.aspx?id=5582
4:18:40 PM  [main] 	Initializing Modules
4:18:40 PM  [Apache] 	Apache Service detected with wrong path
4:18:40 PM  [Apache] 	Change XAMPP Apache and Control Panel settings or
4:18:40 PM  [Apache] 	Uninstall/disable the other service manually first
4:18:40 PM  [Apache] 	Found Path: "C:\Program Files\httpd-2.4.20-x64-vc14\Apache24\bin\httpd.exe" -k runservice
4:18:40 PM  [Apache] 	Expected Path: "f:\vani\xampp\apache\bin\httpd.exe" -k runservice
4:18:40 PM  [Apache] 	Problem detected!
4:18:40 PM  [Apache] 	Port 80 in use by "Unable to open process" with PID 4!
4:18:40 PM  [Apache] 	Apache WILL NOT start without the configured ports free!
4:18:40 PM  [Apache] 	You need to uninstall/disable/reconfigure the blocking application
4:18:40 PM  [Apache] 	or reconfigure Apache and the Control Panel to listen on a different port
4:18:40 PM  [Apache] 	Problem detected!
4:18:40 PM  [Apache] 	Port 443 in use by "Unable to open process" with PID 4!
4:18:40 PM  [Apache] 	Apache WILL NOT start without the configured ports free!
4:18:40 PM  [Apache] 	You need to uninstall/disable/reconfigure the blocking application
4:18:40 PM  [Apache] 	or reconfigure Apache and the Control Panel to listen on a different port
4:18:40 PM  [Tomcat] 	Problem detected!
4:18:40 PM  [Tomcat] 	Port 8005 in use by ""F:\Programs\JIRA Software\bin\tomcat8.exe.x64" //RS//JIRASoftware180518062415"!
4:18:40 PM  [Tomcat] 	Tomcat WILL NOT start without the configured ports free!
4:18:40 PM  [Tomcat] 	You need to uninstall/disable/reconfigure the blocking application
4:18:40 PM  [Tomcat] 	or reconfigure Tomcat and the Control Panel to listen on a different port
4:18:40 PM  [Tomcat] 	Problem detected!
4:18:40 PM  [Tomcat] 	Port 8080 in use by ""F:\Programs\JIRA Software\bin\tomcat8.exe.x64" //RS//JIRASoftware180518062415"!
4:18:40 PM  [Tomcat] 	Tomcat WILL NOT start without the configured ports free!
4:18:40 PM  [Tomcat] 	You need to uninstall/disable/reconfigure the blocking application
4:18:40 PM  [Tomcat] 	or reconfigure Tomcat and the Control Panel to listen on a different port
4:18:40 PM  [main] 	Starting Check-Timer
4:18:40 PM  [main] 	Control Panel Ready
4:18:43 PM  [Apache] 	Problem detected!
4:18:43 PM  [Apache] 	Port 80 in use by "Unable to open process" with PID 4!
4:18:43 PM  [Apache] 	Apache WILL NOT start without the configured ports free!
4:18:43 PM  [Apache] 	You need to uninstall/disable/reconfigure the blocking application
4:18:43 PM  [Apache] 	or reconfigure Apache and the Control Panel to listen on a different port
4:18:43 PM  [Apache] 	Problem detected!
4:18:43 PM  [Apache] 	Port 443 in use by "Unable to open process" with PID 4!
4:18:43 PM  [Apache] 	Apache WILL NOT start without the configured ports free!
4:18:43 PM  [Apache] 	You need to uninstall/disable/reconfigure the blocking application
4:18:43 PM  [Apache] 	or reconfigure Apache and the Control Panel to listen on a different port
4:18:43 PM  [Apache] 	Attempting to start Apache service...
4:20:12 PM  [Apache] 	Problem detected!
4:20:12 PM  [Apache] 	Port 80 in use by "Unable to open process" with PID 4!
4:20:12 PM  [Apache] 	Apache WILL NOT start without the configured ports free!
4:20:12 PM  [Apache] 	You need to uninstall/disable/reconfigure the blocking application
4:20:12 PM  [Apache] 	or reconfigure Apache and the Control Panel to listen on a different port
4:20:12 PM  [Apache] 	Problem detected!
4:20:12 PM  [Apache] 	Port 443 in use by "Unable to open process" with PID 4!
4:20:12 PM  [Apache] 	Apache WILL NOT start without the configured ports free!
4:20:12 PM  [Apache] 	You need to uninstall/disable/reconfigure the blocking application
4:20:12 PM  [Apache] 	or reconfigure Apache and the Control Panel to listen on a different port
4:20:12 PM  [Apache] 	Attempting to start Apache service...
4:20:14 PM  [Apache] 	Problem detected!
4:20:14 PM  [Apache] 	Port 80 in use by "Unable to open process" with PID 4!
4:20:14 PM  [Apache] 	Apache WILL NOT start without the configured ports free!
4:20:14 PM  [Apache] 	You need to uninstall/disable/reconfigure the blocking application
4:20:14 PM  [Apache] 	or reconfigure Apache and the Control Panel to listen on a different port
4:20:14 PM  [Apache] 	Problem detected!
4:20:14 PM  [Apache] 	Port 443 in use by "Unable to open process" with PID 4!
4:20:14 PM  [Apache] 	Apache WILL NOT start without the configured ports free!
4:20:14 PM  [Apache] 	You need to uninstall/disable/reconfigure the blocking application
4:20:14 PM  [Apache] 	or reconfigure Apache and the Control Panel to listen on a different port
4:20:14 PM  [Apache] 	Attempting to start Apache service...
4:20:16 PM  [Apache] 	Problem detected!
4:20:16 PM  [Apache] 	Port 80 in use by "Unable to open process" with PID 4!
4:20:16 PM  [Apache] 	Apache WILL NOT start without the configured ports free!
4:20:16 PM  [Apache] 	You need to uninstall/disable/reconfigure the blocking application
4:20:16 PM  [Apache] 	or reconfigure Apache and the Control Panel to listen on a different port
4:20:16 PM  [Apache] 	Problem detected!
4:20:16 PM  [Apache] 	Port 443 in use by "Unable to open process" with PID 4!
4:20:16 PM  [Apache] 	Apache WILL NOT start without the configured ports free!
4:20:16 PM  [Apache] 	You need to uninstall/disable/reconfigure the blocking application
4:20:16 PM  [Apache] 	or reconfigure Apache and the Control Panel to listen on a different port
4:20:16 PM  [Apache] 	Attempting to start Apache service...
4:21:16 PM  [Apache] 	Problem detected!
4:21:16 PM  [Apache] 	Port 80 in use by "Unable to open process" with PID 4!
4:21:16 PM  [Apache] 	Apache WILL NOT start without the configured ports free!
4:21:16 PM  [Apache] 	You need to uninstall/disable/reconfigure the blocking application
4:21:16 PM  [Apache] 	or reconfigure Apache and the Control Panel to listen on a different port
4:21:16 PM  [Apache] 	Problem detected!
4:21:16 PM  [Apache] 	Port 443 in use by "Unable to open process" with PID 4!
4:21:16 PM  [Apache] 	Apache WILL NOT start without the configured ports free!
4:21:16 PM  [Apache] 	You need to uninstall/disable/reconfigure the blocking application
4:21:16 PM  [Apache] 	or reconfigure Apache and the Control Panel to listen on a different port
4:21:16 PM  [Apache] 	Attempting to start Apache service...
4:21:17 PM  [Apache] 	Problem detected!
4:21:17 PM  [Apache] 	Port 80 in use by "Unable to open process" with PID 4!
4:21:17 PM  [Apache] 	Apache WILL NOT start without the configured ports free!
4:21:17 PM  [Apache] 	You need to uninstall/disable/reconfigure the blocking application
4:21:17 PM  [Apache] 	or reconfigure Apache and the Control Panel to listen on a different port
4:21:17 PM  [Apache] 	Problem detected!
4:21:17 PM  [Apache] 	Port 443 in use by "Unable to open process" with PID 4!
4:21:17 PM  [Apache] 	Apache WILL NOT start without the configured ports free!
4:21:17 PM  [Apache] 	You need to uninstall/disable/reconfigure the blocking application
4:21:17 PM  [Apache] 	or reconfigure Apache and the Control Panel to listen on a different port
4:21:17 PM  [Apache] 	Attempting to start Apache service...
4:22:18 PM  [main] 	Deinitializing Modules
4:22:18 PM  [main] 	Deinitializing Control Panel

4:13:46 PM  [main] 	Initializing Control Panel
4:13:46 PM  [main] 	Windows Version: Windows Server 2012 R2  64-bit
4:13:46 PM  [main] 	XAMPP Version: 7.4.6
4:13:46 PM  [main] 	Control Panel Version: 3.2.4  [ Compiled: Jun 5th 2019 ]
4:13:46 PM  [main] 	You are not running with administrator rights! This will work for
4:13:46 PM  [main] 	most application stuff but whenever you do something with services
4:13:46 PM  [main] 	there will be a security dialogue or things will break! So think 
4:13:46 PM  [main] 	about running this application with administrator rights!
4:13:46 PM  [main] 	XAMPP Installation Directory: "f:\vani\xampp\"
4:13:47 PM  [main] 	Checking for prerequisites
4:13:47 PM  [main] 	Required XAMPP prerequisite not found!
4:13:47 PM  [main] 	You do not appear to have the Microsoft Visual C++ 2008 Runtimes installed
4:13:47 PM  [main] 	This is required for XAMPP to fully function
4:13:47 PM  [main] 	http://www.microsoft.com/download/en/details.aspx?id=5582
4:13:47 PM  [main] 	Initializing Modules
4:13:47 PM  [Apache] 	Apache Service detected with wrong path
4:13:47 PM  [Apache] 	Change XAMPP Apache and Control Panel settings or
4:13:47 PM  [Apache] 	Uninstall/disable the other service manually first
4:13:47 PM  [Apache] 	Found Path: "C:\Program Files\httpd-2.4.20-x64-vc14\Apache24\bin\httpd.exe" -k runservice
4:13:47 PM  [Apache] 	Expected Path: "f:\vani\xampp\apache\bin\httpd.exe" -k runservice
4:13:47 PM  [Apache] 	Problem detected!
4:13:47 PM  [Apache] 	Port 80 in use by "Unable to open process" with PID 4!
4:13:47 PM  [Apache] 	Apache WILL NOT start without the configured ports free!
4:13:47 PM  [Apache] 	You need to uninstall/disable/reconfigure the blocking application
4:13:47 PM  [Apache] 	or reconfigure Apache and the Control Panel to listen on a different port
4:13:47 PM  [Apache] 	Problem detected!
4:13:47 PM  [Apache] 	Port 443 in use by "Unable to open process" with PID 4!
4:13:47 PM  [Apache] 	Apache WILL NOT start without the configured ports free!
4:13:47 PM  [Apache] 	You need to uninstall/disable/reconfigure the blocking application
4:13:47 PM  [Apache] 	or reconfigure Apache and the Control Panel to listen on a different port
4:13:47 PM  [Tomcat] 	Problem detected!
4:13:47 PM  [Tomcat] 	Port 8005 in use by ""F:\Programs\JIRA Software\bin\tomcat8.exe.x64" //RS//JIRASoftware180518062415"!
4:13:47 PM  [Tomcat] 	Tomcat WILL NOT start without the configured ports free!
4:13:47 PM  [Tomcat] 	You need to uninstall/disable/reconfigure the blocking application
4:13:47 PM  [Tomcat] 	or reconfigure Tomcat and the Control Panel to listen on a different port
4:13:47 PM  [Tomcat] 	Problem detected!
4:13:47 PM  [Tomcat] 	Port 8080 in use by ""F:\Programs\JIRA Software\bin\tomcat8.exe.x64" //RS//JIRASoftware180518062415"!
4:13:47 PM  [Tomcat] 	Tomcat WILL NOT start without the configured ports free!
4:13:47 PM  [Tomcat] 	You need to uninstall/disable/reconfigure the blocking application
4:13:47 PM  [Tomcat] 	or reconfigure Tomcat and the Control Panel to listen on a different port
4:13:47 PM  [main] 	Starting Check-Timer
4:13:47 PM  [main] 	Control Panel Ready
4:13:49 PM  [mysql] 	Attempting to start MySQL app...
4:13:50 PM  [mysql] 	Status change detected: running
4:13:55 PM  [Apache] 	Problem detected!
4:13:55 PM  [Apache] 	Port 80 in use by "Unable to open process" with PID 4!
4:13:55 PM  [Apache] 	Apache WILL NOT start without the configured ports free!
4:13:55 PM  [Apache] 	You need to uninstall/disable/reconfigure the blocking application
4:13:55 PM  [Apache] 	or reconfigure Apache and the Control Panel to listen on a different port
4:13:55 PM  [Apache] 	Problem detected!
4:13:55 PM  [Apache] 	Port 443 in use by "Unable to open process" with PID 4!
4:13:55 PM  [Apache] 	Apache WILL NOT start without the configured ports free!
4:13:55 PM  [Apache] 	You need to uninstall/disable/reconfigure the blocking application
4:13:55 PM  [Apache] 	or reconfigure Apache and the Control Panel to listen on a different port
4:13:55 PM  [Apache] 	Attempting to start Apache service...
4:17:53 PM  [Apache] 	Problem detected!
4:17:53 PM  [Apache] 	Port 80 in use by "Unable to open process" with PID 4!
4:17:53 PM  [Apache] 	Apache WILL NOT start without the configured ports free!
4:17:53 PM  [Apache] 	You need to uninstall/disable/reconfigure the blocking application
4:17:53 PM  [Apache] 	or reconfigure Apache and the Control Panel to listen on a different port
4:17:53 PM  [Apache] 	Problem detected!
4:17:53 PM  [Apache] 	Port 443 in use by "Unable to open process" with PID 4!
4:17:53 PM  [Apache] 	Apache WILL NOT start without the configured ports free!
4:17:53 PM  [Apache] 	You need to uninstall/disable/reconfigure the blocking application
4:17:53 PM  [Apache] 	or reconfigure Apache and the Control Panel to listen on a different port
4:17:53 PM  [Apache] 	Attempting to start Apache service...
4:18:02 PM  [Apache] 	Problem detected!
4:18:02 PM  [Apache] 	Port 80 in use by "Unable to open process" with PID 4!
4:18:02 PM  [Apache] 	Apache WILL NOT start without the configured ports free!
4:18:02 PM  [Apache] 	You need to uninstall/disable/reconfigure the blocking application
4:18:02 PM  [Apache] 	or reconfigure Apache and the Control Panel to listen on a different port
4:18:02 PM  [Apache] 	Problem detected!
4:18:02 PM  [Apache] 	Port 443 in use by "Unable to open process" with PID 4!
4:18:02 PM  [Apache] 	Apache WILL NOT start without the configured ports free!
4:18:02 PM  [Apache] 	You need to uninstall/disable/reconfigure the blocking application
4:18:02 PM  [Apache] 	or reconfigure Apache and the Control Panel to listen on a different port
4:18:02 PM  [Apache] 	Attempting to start Apache service...
4:18:30 PM  [mysql] 	Attempting to stop MySQL app...
4:18:31 PM  [mysql] 	Status change detected: stopped
4:29:20 PM  [mysql] 	Status change detected: running
11:26:29 PM  [mysql] 	Status change detected: stopped
11:26:29 PM  [main] 	Deinitializing Modules
11:26:29 PM  [main] 	Deinitializing Control Panel

4:22:22 PM  [main] 	Initializing Control Panel
4:22:22 PM  [main] 	Windows Version: Windows Server 2012 R2  64-bit
4:22:22 PM  [main] 	XAMPP Version: 7.4.6
4:22:22 PM  [main] 	Control Panel Version: 3.2.4  [ Compiled: Jun 5th 2019 ]
4:22:22 PM  [main] 	You are not running with administrator rights! This will work for
4:22:22 PM  [main] 	most application stuff but whenever you do something with services
4:22:22 PM  [main] 	there will be a security dialogue or things will break! So think 
4:22:22 PM  [main] 	about running this application with administrator rights!
4:22:22 PM  [main] 	XAMPP Installation Directory: "f:\vani\xampp\"
4:22:22 PM  [main] 	Checking for prerequisites
4:22:22 PM  [main] 	Required XAMPP prerequisite not found!
4:22:22 PM  [main] 	You do not appear to have the Microsoft Visual C++ 2008 Runtimes installed
4:22:22 PM  [main] 	This is required for XAMPP to fully function
4:22:22 PM  [main] 	http://www.microsoft.com/download/en/details.aspx?id=5582
4:22:22 PM  [main] 	Initializing Modules
4:22:22 PM  [Apache] 	Apache Service detected with wrong path
4:22:22 PM  [Apache] 	Change XAMPP Apache and Control Panel settings or
4:22:22 PM  [Apache] 	Uninstall/disable the other service manually first
4:22:22 PM  [Apache] 	Found Path: "C:\Program Files\httpd-2.4.20-x64-vc14\Apache24\bin\httpd.exe" -k runservice
4:22:22 PM  [Apache] 	Expected Path: "f:\vani\xampp\apache\bin\httpd.exe" -k runservice
4:22:22 PM  [Apache] 	Problem detected!
4:22:22 PM  [Apache] 	Port 80 in use by "Unable to open process" with PID 4!
4:22:22 PM  [Apache] 	Apache WILL NOT start without the configured ports free!
4:22:22 PM  [Apache] 	You need to uninstall/disable/reconfigure the blocking application
4:22:22 PM  [Apache] 	or reconfigure Apache and the Control Panel to listen on a different port
4:22:22 PM  [Apache] 	Problem detected!
4:22:22 PM  [Apache] 	Port 443 in use by "Unable to open process" with PID 4!
4:22:22 PM  [Apache] 	Apache WILL NOT start without the configured ports free!
4:22:22 PM  [Apache] 	You need to uninstall/disable/reconfigure the blocking application
4:22:22 PM  [Apache] 	or reconfigure Apache and the Control Panel to listen on a different port
4:22:22 PM  [Tomcat] 	Problem detected!
4:22:22 PM  [Tomcat] 	Port 8005 in use by ""F:\Programs\JIRA Software\bin\tomcat8.exe.x64" //RS//JIRASoftware180518062415"!
4:22:22 PM  [Tomcat] 	Tomcat WILL NOT start without the configured ports free!
4:22:22 PM  [Tomcat] 	You need to uninstall/disable/reconfigure the blocking application
4:22:22 PM  [Tomcat] 	or reconfigure Tomcat and the Control Panel to listen on a different port
4:22:22 PM  [Tomcat] 	Problem detected!
4:22:22 PM  [Tomcat] 	Port 8080 in use by ""F:\Programs\JIRA Software\bin\tomcat8.exe.x64" //RS//JIRASoftware180518062415"!
4:22:22 PM  [Tomcat] 	Tomcat WILL NOT start without the configured ports free!
4:22:22 PM  [Tomcat] 	You need to uninstall/disable/reconfigure the blocking application
4:22:22 PM  [Tomcat] 	or reconfigure Tomcat and the Control Panel to listen on a different port
4:22:22 PM  [main] 	Starting Check-Timer
4:22:22 PM  [main] 	Control Panel Ready
4:24:59 PM  [Apache] 	Problem detected!
4:24:59 PM  [Apache] 	Port 80 in use by "Unable to open process" with PID 4!
4:24:59 PM  [Apache] 	Apache WILL NOT start without the configured ports free!
4:24:59 PM  [Apache] 	You need to uninstall/disable/reconfigure the blocking application
4:24:59 PM  [Apache] 	or reconfigure Apache and the Control Panel to listen on a different port
4:24:59 PM  [Apache] 	Problem detected!
4:24:59 PM  [Apache] 	Port 443 in use by "Unable to open process" with PID 4!
4:24:59 PM  [Apache] 	Apache WILL NOT start without the configured ports free!
4:24:59 PM  [Apache] 	You need to uninstall/disable/reconfigure the blocking application
4:24:59 PM  [Apache] 	or reconfigure Apache and the Control Panel to listen on a different port
4:24:59 PM  [Apache] 	Attempting to start Apache service...
4:29:20 PM  [mysql] 	Attempting to start MySQL app...
4:29:20 PM  [mysql] 	Status change detected: running
11:26:29 PM  [mysql] 	Status change detected: stopped
11:26:29 PM  [mysql] 	Error: MySQL shutdown unexpectedly.
11:26:29 PM  [mysql] 	This may be due to a blocked port, missing dependencies, 
11:26:29 PM  [mysql] 	improper privileges, a crash, or a shutdown by another method.
11:26:29 PM  [mysql] 	Press the Logs button to view error logs and check
11:26:29 PM  [mysql] 	the Windows Event Viewer for more clues
11:26:29 PM  [mysql] 	If you need more help, copy and post this
11:26:29 PM  [mysql] 	entire log window on the forums
11:26:29 PM  [main] 	Deinitializing Modules
11:26:29 PM  [main] 	Deinitializing Control Panel

